C:\Users\jsong62\cis2\Programs\IRIScontrol\IRIScontrol.pdb
C:\Users\jsong62\cis2\Programs\IRIScontrol\IRIScontrol\Debug\cl.command.1.tlog
C:\Users\jsong62\cis2\Programs\IRIScontrol\IRIScontrol\Debug\CL.read.1.tlog
C:\Users\jsong62\cis2\Programs\IRIScontrol\IRIScontrol\Debug\CL.write.1.tlog
C:\Users\jsong62\cis2\Programs\IRIScontrol\IRIScontrol\Debug\custombuild.command.1.tlog
C:\Users\jsong62\cis2\Programs\IRIScontrol\IRIScontrol\Debug\custombuild.read.1.tlog
C:\Users\jsong62\cis2\Programs\IRIScontrol\IRIScontrol\Debug\custombuild.write.1.tlog
C:\Users\jsong62\cis2\Programs\IRIScontrol\IRIScontrol\Debug\IRIScontrol.exe.intermediate.manifest
C:\USERS\JSONG62\CIS2\PROGRAMS\IRISCONTROL\IRISCONTROL\DEBUG\IRISCONTROL.OBJ
C:\Users\jsong62\cis2\Programs\IRIScontrol\IRIScontrol\Debug\IRIScontrol.write.1.tlog
C:\Users\jsong62\cis2\Programs\IRIScontrol\IRIScontrol\Debug\link.command.1.tlog
C:\Users\jsong62\cis2\Programs\IRIScontrol\IRIScontrol\Debug\link.read.1.tlog
C:\Users\jsong62\cis2\Programs\IRIScontrol\IRIScontrol\Debug\link.write.1.tlog
C:\USERS\JSONG62\CIS2\PROGRAMS\IRISCONTROL\IRISCONTROL\DEBUG\MAIN.OBJ
C:\USERS\JSONG62\CIS2\PROGRAMS\IRISCONTROL\IRISCONTROL\DEBUG\MOC_IRISCONTROL.OBJ
C:\USERS\JSONG62\CIS2\PROGRAMS\IRISCONTROL\IRISCONTROL\DEBUG\QRC_IRISCONTROL.OBJ
C:\USERS\JSONG62\CIS2\PROGRAMS\IRISCONTROL\IRISCONTROL\DEBUG\VC100.PDB
C:\USERS\JSONG62\CIS2\PROGRAMS\IRISCONTROL\IRISCONTROL\GENERATEDFILES\DEBUG\MOC_IRISCONTROL.CPP
C:\USERS\JSONG62\CIS2\PROGRAMS\IRISCONTROL\IRISCONTROL\GENERATEDFILES\QRC_IRISCONTROL.CPP
C:\USERS\JSONG62\CIS2\PROGRAMS\IRISCONTROL\IRISCONTROL\GENERATEDFILES\UI_IRISCONTROL.H
