Build started 5/15/2017 10:53:17 AM.
     1>Project "C:\Users\jsong62\cis2\Programs\IRIScontrol\IRIScontrol\IRIScontrol.vcxproj" on node 2 (build target(s)).
     1>InitializeBuildStatus:
         Creating "Debug\IRIScontrol.unsuccessfulbuild" because "AlwaysCreate" was specified.
       CustomBuild:
         All outputs are up-to-date.
       ClCompile:
         c:\Program Files (x86)\Microsoft Visual Studio 10.0\VC\bin\CL.exe /c /IC:\OpenHaptics\Developer\3.4.0\utilities\include /IC:\OpenHaptics\Developer\3.4.0\include /I.\GeneratedFiles /IC:\Qt\4.8.6\include /I.\GeneratedFiles\Debug /IC:\Qt\4.8.6\include\QtCore /IC:\Qt\4.8.6\include\QtGui /I.\ /Zi /nologo /W1 /WX- /Od /Oy- /D UNICODE /D WIN32 /D QT_CORE_LIB /D QT_GUI_LIB /D _MBCS /Gm- /EHsc /MDd /GS /fp:precise /Zc:wchar_t- /Zc:forScope /Fo"Debug\\" /Fd"Debug\vc100.pdb" /Gd /TP /analyze- /errorReport:prompt iriscontrol.cpp
         iriscontrol.cpp
     1>iriscontrol.cpp(523): warning C4805: '==' : unsafe mix of type 'BOOL' and type 'bool' in operation
         All outputs are up-to-date.
       Link:
         c:\Program Files (x86)\Microsoft Visual Studio 10.0\VC\bin\link.exe /ERRORREPORT:PROMPT /OUT:"C:\Users\jsong62\cis2\Programs\IRIScontrol\\IRIScontrol.exe" /NOLOGO /LIBPATH:C:\Qt\4.8.6\lib /LIBPATH:C:\OpenHaptics\Developer\3.4.0\utilities\lib\Win32\Debug /LIBPATH:C:\OpenHaptics\Developer\3.4.0\lib\Win32\Debug qtmaind.lib QtCored4.lib QtGuid4.lib EposCmd.lib EposCmd64.lib hd.lib hdu.lib kernel32.lib user32.lib gdi32.lib winspool.lib comdlg32.lib advapi32.lib shell32.lib ole32.lib oleaut32.lib uuid.lib odbc32.lib odbccp32.lib /MANIFEST /ManifestFile:"Debug\IRIScontrol.exe.intermediate.manifest" /MANIFESTUAC:"level='asInvoker' uiAccess='false'" /DEBUG /PDB:"C:\Users\jsong62\cis2\Programs\IRIScontrol\IRIScontrol.pdb" /SUBSYSTEM:WINDOWS /TLBID:1 /DYNAMICBASE /NXCOMPAT /IMPLIB:"C:\Users\jsong62\cis2\Programs\IRIScontrol\IRIScontrol.lib" /MACHINE:X86 Debug\moc_iriscontrol.obj
         Debug\qrc_iriscontrol.obj
         Debug\iriscontrol.obj
         Debug\main.obj
         LINK : C:\Users\jsong62\cis2\Programs\IRIScontrol\\IRIScontrol.exe not found or not built by the last incremental link; performing full link
         IRIScontrol.vcxproj -> C:\Users\jsong62\cis2\Programs\IRIScontrol\IRIScontrol.exe
       Manifest:
         c:\Program Files (x86)\Microsoft SDKs\Windows\v7.0A\bin\mt.exe /nologo /verbose /outputresource:"C:\Users\jsong62\cis2\Programs\IRIScontrol\\IRIScontrol.exe;#1" /manifest Debug\IRIScontrol.exe.intermediate.manifest
       FinalizeBuildStatus:
         Deleting file "Debug\IRIScontrol.unsuccessfulbuild".
         Touching "Debug\IRIScontrol.lastbuildstate".
     1>Done Building Project "C:\Users\jsong62\cis2\Programs\IRIScontrol\IRIScontrol\IRIScontrol.vcxproj" (build target(s)).

Build succeeded.

Time Elapsed 00:00:01.80
